Retrieving logs...
============= i-0de465db18217721a ==============
----------------------------------------
/var/log/eb-engine.log
----------------------------------------
        File "/var/app/venv/staging-LQM1lest/lib64/python3.11/site-packages/pip/_vendor/pep517/in_process/_in_process.py", line 333, in main
          json_out['return_val'] = hook(**hook_input['kwargs'])
                                   ^^^^^^^^^^^^^^^^^^^^^^^^^^^^
        File "/var/app/venv/staging-LQM1lest/lib64/python3.11/site-packages/pip/_vendor/pep517/in_process/_in_process.py", line 118, in get_requires_for_build_wheel
          return hook(config_settings)
                 ^^^^^^^^^^^^^^^^^^^^^
        File "/tmp/pip-build-env-yqwp6gdh/overlay/lib/python3.11/site-packages/setuptools/build_meta.py", line 331, in get_requires_for_build_wheel
          return self._get_build_requires(config_settings, requirements=[])
                 ^^^^^^^^^^^^^^^^^^^^^^^^^^^^^^^^^^^^^^^^^^^^^^^^^^^^^^^^^^
        File "/tmp/pip-build-env-yqwp6gdh/overlay/lib/python3.11/site-packages/setuptools/build_meta.py", line 301, in _get_build_requires
          self.run_setup()
        File "/tmp/pip-build-env-yqwp6gdh/overlay/lib/python3.11/site-packages/setuptools/build_meta.py", line 317, in run_setup
          exec(code, locals())
        File "<string>", line 156, in <module>
        File "<string>", line 49, in get_config_posix
        File "<string>", line 28, in find_package_name
      Exception: Can not find valid pkg-config name.
      Specify MYSQLCLIENT_CFLAGS and MYSQLCLIENT_LDFLAGS env vars manually
      [end of output]

  note: This error originates from a subprocess, and is likely not a problem with pip.
error: subprocess-exited-with-error

× Getting requirements to build wheel did not run successfully.
│ exit code: 1
╰─> See above for output.

note: This error originates from a subprocess, and is likely not a problem with pip.

[notice] A new release of pip available: 22.3.1 -> 25.1.1
[notice] To update, run: python3.11 -m pip install --upgrade pip

2025/07/23 04:16:51.175912 [ERROR] An error occurred during execution of command [app-deploy] - [InstallDependency]. Stop running the command. Error: fail to install dependencies with requirements.txt file with error Command /var/app/venv/staging-LQM1lest/bin/pip install -r requirements.txt failed with error exit status 1. Stderr:  error: subprocess-exited-with-error

  × Getting requirements to build wheel did not run successfully.
  │ exit code: 1
  ╰─> [29 lines of output]
      Trying pkg-config --exists mysqlclient
      Command 'pkg-config --exists mysqlclient' returned non-zero exit status 1.
      Trying pkg-config --exists mariadb
      Command 'pkg-config --exists mariadb' returned non-zero exit status 1.
      Trying pkg-config --exists libmariadb
      Command 'pkg-config --exists libmariadb' returned non-zero exit status 1.
      Trying pkg-config --exists perconaserverclient
      Command 'pkg-config --exists perconaserverclient' returned non-zero exit status 1.
      Traceback (most recent call last):
        File "/var/app/venv/staging-LQM1lest/lib64/python3.11/site-packages/pip/_vendor/pep517/in_process/_in_process.py", line 351, in <module>
          main()
        File "/var/app/venv/staging-LQM1lest/lib64/python3.11/site-packages/pip/_vendor/pep517/in_process/_in_process.py", line 333, in main
          json_out['return_val'] = hook(**hook_input['kwargs'])
                                   ^^^^^^^^^^^^^^^^^^^^^^^^^^^^
        File "/var/app/venv/staging-LQM1lest/lib64/python3.11/site-packages/pip/_vendor/pep517/in_process/_in_process.py", line 118, in get_requires_for_build_wheel
          return hook(config_settings)
                 ^^^^^^^^^^^^^^^^^^^^^
        File "/tmp/pip-build-env-yqwp6gdh/overlay/lib/python3.11/site-packages/setuptools/build_meta.py", line 331, in get_requires_for_build_wheel
          return self._get_build_requires(config_settings, requirements=[])
                 ^^^^^^^^^^^^^^^^^^^^^^^^^^^^^^^^^^^^^^^^^^^^^^^^^^^^^^^^^^
        File "/tmp/pip-build-env-yqwp6gdh/overlay/lib/python3.11/site-packages/setuptools/build_meta.py", line 301, in _get_build_requires
          self.run_setup()
        File "/tmp/pip-build-env-yqwp6gdh/overlay/lib/python3.11/site-packages/setuptools/build_meta.py", line 317, in run_setup
          exec(code, locals())
        File "<string>", line 156, in <module>
        File "<string>", line 49, in get_config_posix
        File "<string>", line 28, in find_package_name
      Exception: Can not find valid pkg-config name.
      Specify MYSQLCLIENT_CFLAGS and MYSQLCLIENT_LDFLAGS env vars manually
      [end of output]

  note: This error originates from a subprocess, and is likely not a problem with pip.
error: subprocess-exited-with-error

× Getting requirements to build wheel did not run successfully.
│ exit code: 1
╰─> See above for output.

note: This error originates from a subprocess, and is likely not a problem with pip.

[notice] A new release of pip available: 22.3.1 -> 25.1.1
[notice] To update, run: python3.11 -m pip install --upgrade pip


2025/07/23 04:16:51.175922 [INFO] Executing cleanup logic
2025/07/23 04:16:51.176014 [INFO] CommandService Response: {"status":"FAILURE","api_version":"1.0","results":[{"status":"FAILURE","msg":"Engine execution has encountered an error.","returncode":1,"events":[{"msg":"Instance deployment failed to install application dependencies. The deployment failed.","timestamp":1753244211175,"severity":"ERROR"},{"msg":"Instance deployment failed. For details, see 'eb-engine.log'.","timestamp":1753244211175,"severity":"ERROR"}]}]}

2025/07/23 04:16:51.177400 [INFO] Platform Engine finished execution on command: app-deploy

2025/07/23 04:18:42.613597 [INFO] Starting...
2025/07/23 04:18:42.613643 [INFO] Starting EBPlatform-PlatformEngine
2025/07/23 04:18:42.613663 [INFO] reading event message file
2025/07/23 04:18:42.613964 [INFO] Engine received EB command cfn-hup-exec

2025/07/23 04:18:42.678648 [INFO] Running command: /opt/aws/bin/cfn-get-metadata -s arn:aws:cloudformation:ap-northeast-2:131228247107:stack/awseb-e-4pgjcgmqe2-stack/d5c23990-676c-11f0-bbe4-0abe8096f31f -r AWSEBAutoScalingGroup --region ap-northeast-2
2025/07/23 04:18:42.984870 [INFO] Running command: /opt/aws/bin/cfn-get-metadata -s arn:aws:cloudformation:ap-northeast-2:131228247107:stack/awseb-e-4pgjcgmqe2-stack/d5c23990-676c-11f0-bbe4-0abe8096f31f -r AWSEBBeanstalkMetadata --region ap-northeast-2
2025/07/23 04:18:43.276153 [INFO] checking whether command tail-log is applicable to this instance...
2025/07/23 04:18:43.276169 [INFO] this command is applicable to the instance, thus instance should execute command
2025/07/23 04:18:43.276172 [INFO] Engine command: (tail-log)

2025/07/23 04:18:43.276223 [INFO] Executing instruction: GetTailLogs
2025/07/23 04:18:43.276227 [INFO] Tail Logs...
2025/07/23 04:18:43.276679 [INFO] Running command: tail -n 100 /var/log/eb-engine.log


----------------------------------------
/var/log/eb-hooks.log
----------------------------------------
